<?xml version="1.0" encoding="UTF-8"?>
<!-- Generated by org.testng.reporters.JUnitXMLReporter -->
<testsuite ignored="0" hostname="LAPTOP-GCJJMKKO" failures="2" tests="3" name="ChromeTest" time="41.622" errors="0" timestamp="2022-10-11T21:16:43 IST">
  <testcase classname="Bata.shopbagandshoesandbelts" name="buyBag" time="5.857">
    <failure type="java.lang.AssertionError" message="null">
      <![CDATA[java.lang.AssertionError: null
at Bata.shopbagandshoesandbelts.buyBag(shopbagandshoesandbelts.java:88)
at java.base/java.util.concurrent.ThreadPoolExecutor.runWorker(ThreadPoolExecutor.java:1136)
at java.base/java.util.concurrent.ThreadPoolExecutor$Worker.run(ThreadPoolExecutor.java:635)
at java.base/java.lang.Thread.run(Thread.java:833)
... Removed 12 stack frames]]>
    </failure>
  </testcase> <!-- buyBag -->
  <testcase classname="Bata.shopbagandshoesandbelts" name="buyBelts" time="3.824">
    <failure type="org.openqa.selenium.ElementClickInterceptedException" message="element click intercepted: Element &amp;lt;img src=&amp;quot;data:image/gif;base64,R0lGODlhAQABAIAAAP///wAAACH5BAEAAAAALAAAAAABAAEAAAICRAEAOw==&amp;quot; data-src=&amp;quot;https://www.bata.in/dw/image/v2/BCLG_PRD/on/demandware.static/-/Sites-bata-in-master-catalog/default/dw23456480/images/tile/9640203_1.jpeg?sw=330&amp;quot; alt=&amp;quot;Bata Multi Belt For Men&amp;quot; title=&amp;quot;Bata Multi Belt For Men&amp;quot; class=&amp;quot; b-lazyload_loaded&amp;quot;&amp;gt; is not clickable at point (528, 535). Other element would receive the click: &amp;lt;img src=&amp;quot;data:image/gif;base64,R0lGODlhAQABAIAAAP///wAAACH5BAEAAAAALAAAAAABAAEAAAICRAEAOw==&amp;quot; data-src=&amp;quot;https://www.bata.in/dw/image/v2/BCLG_PRD/on/demandware.static/-/Sites-bata-in-master-catalog/default/dwb29bfba1/images/tile/9640203_2.jpeg?sw=330&amp;quot; alt=&amp;quot;Bata Multi Belt For Men&amp;quot; title=&amp;quot;Bata Multi Belt For Men&amp;quot; class=&amp;quot; b-lazyload_loaded&amp;quot;&amp;gt;
  (Session info: chrome=106.0.5249.103)
Build info: version: &amp;apos;3.141.59&amp;apos;, revision: &amp;apos;e82be7d358&amp;apos;, time: &amp;apos;2018-11-14T08:17:03&amp;apos;
System info: host: &amp;apos;LAPTOP-GCJJMKKO&amp;apos;, ip: &amp;apos;192.168.0.104&amp;apos;, os.name: &amp;apos;Windows 11&amp;apos;, os.arch: &amp;apos;amd64&amp;apos;, os.version: &amp;apos;10.0&amp;apos;, java.version: &amp;apos;18.0.1.1&amp;apos;
Driver info: org.openqa.selenium.chrome.ChromeDriver
Capabilities {acceptInsecureCerts: false, browserName: chrome, browserVersion: 106.0.5249.103, chrome: {chromedriverVersion: 105.0.5195.52 (412c95e51883..., userDataDir: C:\Users\abhij\AppData\Loca...}, goog:chromeOptions: {debuggerAddress: localhost:61677}, javascriptEnabled: true, networkConnectionEnabled: false, pageLoadStrategy: normal, platform: WINDOWS, platformName: WINDOWS, proxy: Proxy(), setWindowRect: true, strictFileInteractability: false, timeouts: {implicit: 0, pageLoad: 300000, script: 30000}, unhandledPromptBehavior: dismiss and notify, webauthn:extension:credBlob: true, webauthn:extension:largeBlob: true, webauthn:virtualAuthenticators: true}
Session ID: 359a40fc5cf33e163c41846cf9494b17">
      <![CDATA[org.openqa.selenium.ElementClickInterceptedException: element click intercepted: Element <img src="data:image/gif;base64,R0lGODlhAQABAIAAAP///wAAACH5BAEAAAAALAAAAAABAAEAAAICRAEAOw==" data-src="https://www.bata.in/dw/image/v2/BCLG_PRD/on/demandware.static/-/Sites-bata-in-master-catalog/default/dw23456480/images/tile/9640203_1.jpeg?sw=330" alt="Bata Multi Belt For Men" title="Bata Multi Belt For Men" class=" b-lazyload_loaded"> is not clickable at point (528, 535). Other element would receive the click: <img src="data:image/gif;base64,R0lGODlhAQABAIAAAP///wAAACH5BAEAAAAALAAAAAABAAEAAAICRAEAOw==" data-src="https://www.bata.in/dw/image/v2/BCLG_PRD/on/demandware.static/-/Sites-bata-in-master-catalog/default/dwb29bfba1/images/tile/9640203_2.jpeg?sw=330" alt="Bata Multi Belt For Men" title="Bata Multi Belt For Men" class=" b-lazyload_loaded">
  (Session info: chrome=106.0.5249.103)
Build info: version: '3.141.59', revision: 'e82be7d358', time: '2018-11-14T08:17:03'
System info: host: 'LAPTOP-GCJJMKKO', ip: '192.168.0.104', os.name: 'Windows 11', os.arch: 'amd64', os.version: '10.0', java.version: '18.0.1.1'
Driver info: org.openqa.selenium.chrome.ChromeDriver
Capabilities {acceptInsecureCerts: false, browserName: chrome, browserVersion: 106.0.5249.103, chrome: {chromedriverVersion: 105.0.5195.52 (412c95e51883..., userDataDir: C:\Users\abhij\AppData\Loca...}, goog:chromeOptions: {debuggerAddress: localhost:61677}, javascriptEnabled: true, networkConnectionEnabled: false, pageLoadStrategy: normal, platform: WINDOWS, platformName: WINDOWS, proxy: Proxy(), setWindowRect: true, strictFileInteractability: false, timeouts: {implicit: 0, pageLoad: 300000, script: 30000}, unhandledPromptBehavior: dismiss and notify, webauthn:extension:credBlob: true, webauthn:extension:largeBlob: true, webauthn:virtualAuthenticators: true}
Session ID: 359a40fc5cf33e163c41846cf9494b17
at org.openqa.selenium.remote.http.W3CHttpResponseCodec.createException(W3CHttpResponseCodec.java:187)
at org.openqa.selenium.remote.http.W3CHttpResponseCodec.decode(W3CHttpResponseCodec.java:122)
at org.openqa.selenium.remote.http.W3CHttpResponseCodec.decode(W3CHttpResponseCodec.java:49)
at org.openqa.selenium.remote.HttpCommandExecutor.execute(HttpCommandExecutor.java:158)
at org.openqa.selenium.remote.service.DriverCommandExecutor.execute(DriverCommandExecutor.java:83)
at org.openqa.selenium.remote.RemoteWebDriver.execute(RemoteWebDriver.java:552)
at org.openqa.selenium.remote.RemoteWebElement.execute(RemoteWebElement.java:285)
at org.openqa.selenium.remote.RemoteWebElement.click(RemoteWebElement.java:84)
at org.openqa.selenium.support.pagefactory.internal.LocatingElementHandler.invoke(LocatingElementHandler.java:51)
at jdk.proxy2/jdk.proxy2.$Proxy18.click(Unknown Source)
at Bata.BeltsInfo.clicktobelts(BeltsInfo.java:30)
at Bata.shopbagandshoesandbelts.buyBelts(shopbagandshoesandbelts.java:97)
at java.base/java.util.concurrent.ThreadPoolExecutor.runWorker(ThreadPoolExecutor.java:1136)
at java.base/java.util.concurrent.ThreadPoolExecutor$Worker.run(ThreadPoolExecutor.java:635)
at java.base/java.lang.Thread.run(Thread.java:833)
... Removed 15 stack frames]]>
    </failure>
  </testcase> <!-- buyBelts -->
  <testcase classname="Bata.shopbagandshoesandbelts" name="buyShoes" time="5.527"/>
</testsuite> <!-- ChromeTest -->
