<?xml version="1.0" encoding="UTF-8"?>
<!-- Generated by org.testng.reporters.JUnitXMLReporter -->
<testsuite ignored="3" hostname="LAPTOP-GCJJMKKO" failures="0" tests="2" name="EdgeTest" time="37.716" errors="0" timestamp="2022-10-03T15:03:01 IST">
  <testcase classname="Bata.shopbagandshoesandbelts" name="buyBag" time="11.318"/>
  <testcase classname="Bata.Shopchappalsandhandbags" name="buyHandBags" time="10.018"/>
  <testcase classname="Bata.shopbagandshoesandbelts" name="buyShoes" time="0.0">
    <ignored/>
  </testcase> <!-- buyShoes -->
  <testcase classname="Bata.shopbagandshoesandbelts" name="buyBelts" time="0.0">
    <ignored/>
  </testcase> <!-- buyBelts -->
  <testcase classname="Bata.Shopchappalsandhandbags" name="buyChappals" time="0.0">
    <ignored/>
  </testcase> <!-- buyChappals -->
</testsuite> <!-- EdgeTest -->
