<?xml version="1.0" encoding="UTF-8"?>
<!-- Generated by org.testng.reporters.JUnitXMLReporter -->
<testsuite ignored="1" hostname="LAPTOP-GCJJMKKO" failures="0" tests="4" name="Men-Women" time="61.042" errors="0" timestamp="2022-09-27T13:04:54 IST">
  <testcase classname="Bata.Shopchappalsandhandbags" name="buyChappals" time="7.017"/>
  <testcase classname="Bata.Shopchappalsandhandbags" name="buyHandBags" time="6.002"/>
  <testcase classname="Bata.shopbagandshoesandbelts" name="buyBag" time="5.537"/>
  <testcase classname="Bata.shopbagandshoesandbelts" name="buyShoes" time="5.596"/>
  <testcase classname="Bata.shopbagandshoesandbelts" name="buyBelts" time="0.0">
    <ignored/>
  </testcase> <!-- buyBelts -->
</testsuite> <!-- Men-Women -->
