<?xml version="1.0" encoding="UTF-8"?>
<!-- Generated by org.testng.reporters.JUnitXMLReporter -->
<testsuite ignored="3" hostname="LAPTOP-GCJJMKKO" failures="0" tests="2" name="OperaTest" time="52.177" errors="0" timestamp="2022-09-28T18:45:52 IST">
  <testcase classname="Bata.Shopchappalsandhandbags" name="buyHandBags" time="8.538"/>
  <testcase classname="Bata.shopbagandshoesandbelts" name="buyBelts" time="8.174"/>
  <testcase classname="Bata.shopbagandshoesandbelts" name="buyBag" time="0.0">
    <ignored/>
  </testcase> <!-- buyBag -->
  <testcase classname="Bata.shopbagandshoesandbelts" name="buyShoes" time="0.0">
    <ignored/>
  </testcase> <!-- buyShoes -->
  <testcase classname="Bata.Shopchappalsandhandbags" name="buyChappals" time="0.0">
    <ignored/>
  </testcase> <!-- buyChappals -->
</testsuite> <!-- OperaTest -->
